<?xml version="1.0" encoding="UTF-8"?>
<testsuite name="com.ruokki.pattern.detector.CentorDetectorTest" tests="2" skipped="0" failures="0" errors="0" timestamp="2020-12-30T22:01:37" hostname="EMAISI" time="0.203">
  <properties/>
  <testcase name="getScoreInCenter()" classname="com.ruokki.pattern.detector.CentorDetectorTest" time="0.118"/>
  <testcase name="getBestPoint()" classname="com.ruokki.pattern.detector.CentorDetectorTest" time="0.084"/>
  <system-out><![CDATA[]]></system-out>
  <system-err><![CDATA[]]></system-err>
</testsuite>
